# JRE version: Java(TM) SE Runtime Environment (8.0_25-b18) (build 1.8.0_25-b18)
# Java VM: Java HotSpot(TM) 64-Bit Server VM (25.25-b02 mixed mode windows-amd64 compressed oops)
Heap:
 PSYoungGen      total 190464K, used 13384K [0x00000000e0000000, 0x00000000ee380000, 0x0000000100000000)
  eden space 176640K, 0% used [0x00000000e0000000,0x00000000e0000000,0x00000000eac80000)
  from space 13824K, 96% used [0x00000000eb280000,0x00000000ebf92238,0x00000000ec000000)
  to   space 28160K, 0% used [0x00000000ec800000,0x00000000ec800000,0x00000000ee380000)
 ParOldGen       total 125440K, used 66092K [0x00000000a0000000, 0x00000000a7a80000, 0x00000000e0000000)
  object space 125440K, 52% used [0x00000000a0000000,0x00000000a408b268,0x00000000a7a80000)
 Metaspace       used 93782K, capacity 98326K, committed 98560K, reserved 1134592K
  class space    used 12818K, capacity 13613K, committed 13696K, reserved 1048576K
GC Heap History (10 events):
Event: 78.144 GC heap after
Heap after GC invocations=20 (full 3):
 PSYoungGen      total 172032K, used 15340K [0x00000000e0000000, 0x00000000eca80000, 0x0000000100000000)
  eden space 156672K, 0% used [0x00000000e0000000,0x00000000e0000000,0x00000000e9900000)
  from space 15360K, 99% used [0x00000000e9900000,0x00000000ea7fb070,0x00000000ea800000)
  to   space 18944K, 0% used [0x00000000eb800000,0x00000000eb800000,0x00000000eca80000)
 ParOldGen       total 125440K, used 38070K [0x00000000a0000000, 0x00000000a7a80000, 0x00000000e0000000)
  object space 125440K, 30% used [0x00000000a0000000,0x00000000a252db88,0x00000000a7a80000)
 Metaspace       used 65900K, capacity 68520K, committed 68608K, reserved 1107968K
  class space    used 9218K, capacity 9702K, committed 9728K, reserved 1048576K
}
Event: 118.752 GC heap before
{Heap before GC invocations=21 (full 3):
 PSYoungGen      total 172032K, used 172012K [0x00000000e0000000, 0x00000000eca80000, 0x0000000100000000)
  eden space 156672K, 100% used [0x00000000e0000000,0x00000000e9900000,0x00000000e9900000)
  from space 15360K, 99% used [0x00000000e9900000,0x00000000ea7fb070,0x00000000ea800000)
  to   space 18944K, 0% used [0x00000000eb800000,0x00000000eb800000,0x00000000eca80000)
 ParOldGen       total 125440K, used 38070K [0x00000000a0000000, 0x00000000a7a80000, 0x00000000e0000000)
  object space 125440K, 30% used [0x00000000a0000000,0x00000000a252db88,0x00000000a7a80000)
 Metaspace       used 72226K, capacity 75166K, committed 75392K, reserved 1114112K
  class space    used 9981K, capacity 10565K, committed 10624K, reserved 1048576K
Event: 118.829 GC heap after
Heap after GC invocations=21 (full 3):
 PSYoungGen      total 186880K, used 15888K [0x00000000e0000000, 0x00000000ed100000, 0x0000000100000000)
  eden space 167936K, 0% used [0x00000000e0000000,0x00000000e0000000,0x00000000ea400000)
  from space 18944K, 83% used [0x00000000eb800000,0x00000000ec784068,0x00000000eca80000)
  to   space 20480K, 0% used [0x00000000ea400000,0x00000000ea400000,0x00000000eb800000)
 ParOldGen       total 125440K, used 46927K [0x00000000a0000000, 0x00000000a7a80000, 0x00000000e0000000)
  object space 125440K, 37% used [0x00000000a0000000,0x00000000a2dd3e60,0x00000000a7a80000)
 Metaspace       used 72226K, capacity 75166K, committed 75392K, reserved 1114112K
  class space    used 9981K, capacity 10565K, committed 10624K, reserved 1048576K
}
Event: 132.706 GC heap before
{Heap before GC invocations=22 (full 3):
 PSYoungGen      total 186880K, used 183824K [0x00000000e0000000, 0x00000000ed100000, 0x0000000100000000)
  eden space 167936K, 100% used [0x00000000e0000000,0x00000000ea400000,0x00000000ea400000)
  from space 18944K, 83% used [0x00000000eb800000,0x00000000ec784068,0x00000000eca80000)
  to   space 20480K, 0% used [0x00000000ea400000,0x00000000ea400000,0x00000000eb800000)
 ParOldGen       total 125440K, used 46927K [0x00000000a0000000, 0x00000000a7a80000, 0x00000000e0000000)
  object space 125440K, 37% used [0x00000000a0000000,0x00000000a2dd3e60,0x00000000a7a80000)
 Metaspace       used 81666K, capacity 84990K, committed 85120K, reserved 1122304K
  class space    used 11225K, capacity 11851K, committed 11904K, reserved 1048576K
Event: 132.823 GC heap after
Heap after GC invocations=22 (full 3):
 PSYoungGen      total 188416K, used 20456K [0x00000000e0000000, 0x00000000eeb00000, 0x0000000100000000)
  eden space 167936K, 0% used [0x00000000e0000000,0x00000000e0000000,0x00000000ea400000)
  from space 20480K, 99% used [0x00000000ea400000,0x00000000eb7fa3d0,0x00000000eb800000)
  to   space 27648K, 0% used [0x00000000ed000000,0x00000000ed000000,0x00000000eeb00000)
 ParOldGen       total 125440K, used 58194K [0x00000000a0000000, 0x00000000a7a80000, 0x00000000e0000000)
  object space 125440K, 46% used [0x00000000a0000000,0x00000000a38d4b30,0x00000000a7a80000)
 Metaspace       used 81666K, capacity 84990K, committed 85120K, reserved 1122304K
  class space    used 11225K, capacity 11851K, committed 11904K, reserved 1048576K
}
Event: 186.161 GC heap before
{Heap before GC invocations=23 (full 3):
 PSYoungGen      total 188416K, used 188392K [0x00000000e0000000, 0x00000000eeb00000, 0x0000000100000000)
  eden space 167936K, 100% used [0x00000000e0000000,0x00000000ea400000,0x00000000ea400000)
  from space 20480K, 99% used [0x00000000ea400000,0x00000000eb7fa3d0,0x00000000eb800000)
  to   space 27648K, 0% used [0x00000000ed000000,0x00000000ed000000,0x00000000eeb00000)
 ParOldGen       total 125440K, used 58194K [0x00000000a0000000, 0x00000000a7a80000, 0x00000000e0000000)
  object space 125440K, 46% used [0x00000000a0000000,0x00000000a38d4b30,0x00000000a7a80000)
 Metaspace       used 93477K, capacity 98000K, committed 98176K, reserved 1134592K
  class space    used 12817K, capacity 13612K, committed 13696K, reserved 1048576K
Event: 186.242 GC heap after
Heap after GC invocations=23 (full 3):
 PSYoungGen      total 210432K, used 19940K [0x00000000e0000000, 0x00000000eeb80000, 0x0000000100000000)
  eden space 182784K, 0% used [0x00000000e0000000,0x00000000e0000000,0x00000000eb280000)
  from space 27648K, 72% used [0x00000000ed000000,0x00000000ee379388,0x00000000eeb00000)
  to   space 29184K, 0% used [0x00000000eb280000,0x00000000eb280000,0x00000000ecf00000)
 ParOldGen       total 125440K, used 66084K [0x00000000a0000000, 0x00000000a7a80000, 0x00000000e0000000)
  object space 125440K, 52% used [0x00000000a0000000,0x00000000a4089268,0x00000000a7a80000)
 Metaspace       used 93477K, capacity 98000K, committed 98176K, reserved 1134592K
  class space    used 12817K, capacity 13612K, committed 13696K, reserved 1048576K
}
Event: 6820.767 GC heap before
{Heap before GC invocations=24 (full 3):
 PSYoungGen      total 210432K, used 179302K [0x00000000e0000000, 0x00000000eeb80000, 0x0000000100000000)
  eden space 182784K, 87% used [0x00000000e0000000,0x00000000e9ba04a8,0x00000000eb280000)
  from space 27648K, 72% used [0x00000000ed000000,0x00000000ee379388,0x00000000eeb00000)
  to   space 29184K, 0% used [0x00000000eb280000,0x00000000eb280000,0x00000000ecf00000)
 ParOldGen       total 125440K, used 66084K [0x00000000a0000000, 0x00000000a7a80000, 0x00000000e0000000)
  object space 125440K, 52% used [0x00000000a0000000,0x00000000a4089268,0x00000000a7a80000)
 Metaspace       used 93782K, capacity 98326K, committed 98560K, reserved 1134592K
  class space    used 12818K, capacity 13613K, committed 13696K, reserved 1048576K
Event: 6820.850 GC heap after
Heap after GC invocations=24 (full 3):
 PSYoungGen      total 190464K, used 13384K [0x00000000e0000000, 0x00000000ee380000, 0x0000000100000000)
  eden space 176640K, 0% used [0x00000000e0000000,0x00000000e0000000,0x00000000eac80000)
  from space 13824K, 96% used [0x00000000eb280000,0x00000000ebf92238,0x00000000ec000000)
  to   space 28160K, 0% used [0x00000000ec800000,0x00000000ec800000,0x00000000ee380000)
 ParOldGen       total 125440K, used 66092K [0x00000000a0000000, 0x00000000a7a80000, 0x00000000e0000000)
  object space 125440K, 52% used [0x00000000a0000000,0x00000000a408b268,0x00000000a7a80000)
 Metaspace       used 93782K, capacity 98326K, committed 98560K, reserved 1134592K
  class space    used 12818K, capacity 13613K, committed 13696K, reserved 1048576K
}
Event: 6820.850 GC heap before
{Heap before GC invocations=25 (full 4):
 PSYoungGen      total 190464K, used 13384K [0x00000000e0000000, 0x00000000ee380000, 0x0000000100000000)
  eden space 176640K, 0% used [0x00000000e0000000,0x00000000e0000000,0x00000000eac80000)
  from space 13824K, 96% used [0x00000000eb280000,0x00000000ebf92238,0x00000000ec000000)
  to   space 28160K, 0% used [0x00000000ec800000,0x00000000ec800000,0x00000000ee380000)
 ParOldGen       total 125440K, used 66092K [0x00000000a0000000, 0x00000000a7a80000, 0x00000000e0000000)
  object space 125440K, 52% used [0x00000000a0000000,0x00000000a408b268,0x00000000a7a80000)
 Metaspace       used 93782K, capacity 98326K, committed 98560K, reserved 1134592K
  class space    used 12818K, capacity 13613K, committed 13696K, reserved 1048576K

